-------------------------------------------------------------------------------
Test set: de.thowl.prog3.exam.storage.TestUserRepository
-------------------------------------------------------------------------------
Tests run: 3, Failures: 2, Errors: 0, Skipped: 0, Time elapsed: 0.320 s <<< FAILURE! -- in de.thowl.prog3.exam.storage.TestUserRepository
de.thowl.prog3.exam.storage.TestUserRepository.testGetUserByName -- Time elapsed: 0.009 s <<< FAILURE!
org.opentest4j.AssertionFailedError: Unexpected empty result ==> expected: <true> but was: <false>
	at org.junit.jupiter.api.AssertionFailureBuilder.build(AssertionFailureBuilder.java:151)
	at org.junit.jupiter.api.AssertionFailureBuilder.buildAndThrow(AssertionFailureBuilder.java:132)
	at org.junit.jupiter.api.AssertTrue.failNotTrue(AssertTrue.java:63)
	at org.junit.jupiter.api.AssertTrue.assertTrue(AssertTrue.java:36)
	at org.junit.jupiter.api.Assertions.assertTrue(Assertions.java:214)
	at de.thowl.prog3.exam.storage.TestUserRepository.testGetUserByName(TestUserRepository.java:43)
	at java.base/java.lang.reflect.Method.invoke(Method.java:580)
	at java.base/java.util.ArrayList.forEach(ArrayList.java:1597)
	at java.base/java.util.ArrayList.forEach(ArrayList.java:1597)

de.thowl.prog3.exam.storage.TestUserRepository.testGetUserByID -- Time elapsed: 0.005 s <<< FAILURE!
org.opentest4j.AssertionFailedError: Unexpected empty result ==> expected: <true> but was: <false>
	at org.junit.jupiter.api.AssertionFailureBuilder.build(AssertionFailureBuilder.java:151)
	at org.junit.jupiter.api.AssertionFailureBuilder.buildAndThrow(AssertionFailureBuilder.java:132)
	at org.junit.jupiter.api.AssertTrue.failNotTrue(AssertTrue.java:63)
	at org.junit.jupiter.api.AssertTrue.assertTrue(AssertTrue.java:36)
	at org.junit.jupiter.api.Assertions.assertTrue(Assertions.java:214)
	at de.thowl.prog3.exam.storage.TestUserRepository.testGetUserByID(TestUserRepository.java:33)
	at java.base/java.lang.reflect.Method.invoke(Method.java:580)
	at java.base/java.util.ArrayList.forEach(ArrayList.java:1597)
	at java.base/java.util.ArrayList.forEach(ArrayList.java:1597)

